2021-11-25T22:05:44.2496970-05:00	FAIL	[Microsoft.AspNetCore.SpaServices]	[0]	WARNING in /Users/marcmanuel/Projects/ui/sp/sp/ClientApp/src/main.ts depends on 'hammerjs'. CommonJS or AMD dependencies can cause optimization bailouts.
For more info see: https://angular.io/guide/build#configuring-commonjs-dependencies

WARNING in /Users/marcmanuel/Projects/ui/sp/sp/ClientApp/src/app/services/token.interceptor.ts depends on 'rxjs/add/operator/mergeMap'. CommonJS or AMD dependencies can cause optimization bailouts.
For more info see: https://angular.io/guide/build#configuring-commonjs-dependencies

WARNING in /Users/marcmanuel/Projects/ui/sp/sp/ClientApp/src/app/services/token.interceptor.ts depends on 'rxjs/add/operator/catch'. CommonJS or AMD dependencies can cause optimization bailouts.
For more info see: https://angular.io/guide/build#configuring-commonjs-dependencies

WARNING in /Users/marcmanuel/Projects/ui/sp/sp/ClientApp/node_modules/rxjs/add/operator/mergeMap.js depends on 'rxjs-compat/add/operator/mergeMap'. CommonJS or AMD dependencies can cause optimization bailouts.
For more info see: https://angular.io/guide/build#configuring-commonjs-dependencies

WARNING in /Users/marcmanuel/Projects/ui/sp/sp/ClientApp/node_modules/rxjs/add/operator/catch.js depends on 'rxjs-compat/add/operator/catch'. CommonJS or AMD dependencies can cause optimization bailouts.
For more info see: https://angular.io/guide/build#configuring-commonjs-dependencies

2021-11-25T22:26:18.3763770-05:00	FAIL	[Microsoft.AspNetCore.SpaServices]	[0]	WARNING in /Users/marcmanuel/Projects/ui/sp/sp/ClientApp/src/main.ts depends on 'hammerjs'. CommonJS or AMD dependencies can cause optimization bailouts.
For more info see: https://angular.io/guide/build#configuring-commonjs-dependencies

WARNING in /Users/marcmanuel/Projects/ui/sp/sp/ClientApp/src/app/services/token.interceptor.ts depends on 'rxjs/add/operator/mergeMap'. CommonJS or AMD dependencies can cause optimization bailouts.
For more info see: https://angular.io/guide/build#configuring-commonjs-dependencies

WARNING in /Users/marcmanuel/Projects/ui/sp/sp/ClientApp/src/app/services/token.interceptor.ts depends on 'rxjs/add/operator/catch'. CommonJS or AMD dependencies can cause optimization bailouts.
For more info see: https://angular.io/guide/build#configuring-commonjs-dependencies

WARNING in /Users/marcmanuel/Projects/ui/sp/sp/ClientApp/node_modules/rxjs/add/operator/catch.js depends on 'rxjs-compat/add/operator/catch'. CommonJS or AMD dependencies can cause optimization bailouts.
For more info see: https://angular.io/guide/build#configuring-commonjs-dependencies

WARNING in /Users/marcmanuel/Projects/ui/sp/sp/ClientApp/node_modules/rxjs/add/operator/mergeMap.js depends on 'rxjs-compat/add/operator/mergeMap'. CommonJS or AMD dependencies can cause optimization bailouts.
For more info see: https://angular.io/guide/build#configuring-commonjs-dependencies

2021-11-25T22:27:46.5567880-05:00	FAIL	[Microsoft.AspNetCore.Diagnostics.DeveloperExceptionPageMiddleware]	[UnhandledException]	An unhandled exception has occurred while executing the request.System.TimeoutException: The Angular CLI process did not start listening for requests within the timeout period of 0 seconds. Check the log output for error information.
   at Microsoft.AspNetCore.SpaServices.Extensions.Util.TaskTimeoutExtensions.WithTimeout[T](Task`1 task, TimeSpan timeoutDelay, String message)
   at Microsoft.AspNetCore.SpaServices.Extensions.Proxy.SpaProxy.PerformProxyRequest(HttpContext context, HttpClient httpClient, Task`1 baseUriTask, CancellationToken applicationStoppingToken, Boolean proxy404s)
   at Microsoft.AspNetCore.Builder.SpaProxyingExtensions.<>c__DisplayClass2_0.<<UseProxyToSpaDevelopmentServer>b__0>d.MoveNext()
--- End of stack trace from previous location where exception was thrown ---
   at Microsoft.AspNetCore.Authorization.AuthorizationMiddleware.Invoke(HttpContext context)
   at Microsoft.AspNetCore.Authentication.AuthenticationMiddleware.Invoke(HttpContext context)
   at Swashbuckle.AspNetCore.SwaggerUI.SwaggerUIMiddleware.Invoke(HttpContext httpContext)
   at Swashbuckle.AspNetCore.Swagger.SwaggerMiddleware.Invoke(HttpContext httpContext, ISwaggerProvider swaggerProvider)
   at Microsoft.AspNetCore.Diagnostics.DeveloperExceptionPageMiddleware.Invoke(HttpContext context)

2021-11-25T22:29:03.3578050-05:00	FAIL	[Microsoft.AspNetCore.Diagnostics.DeveloperExceptionPageMiddleware]	[UnhandledException]	An unhandled exception has occurred while executing the request.System.TimeoutException: The Angular CLI process did not start listening for requests within the timeout period of 0 seconds. Check the log output for error information.
   at Microsoft.AspNetCore.SpaServices.Extensions.Util.TaskTimeoutExtensions.WithTimeout[T](Task`1 task, TimeSpan timeoutDelay, String message)
   at Microsoft.AspNetCore.SpaServices.Extensions.Proxy.SpaProxy.PerformProxyRequest(HttpContext context, HttpClient httpClient, Task`1 baseUriTask, CancellationToken applicationStoppingToken, Boolean proxy404s)
   at Microsoft.AspNetCore.Builder.SpaProxyingExtensions.<>c__DisplayClass2_0.<<UseProxyToSpaDevelopmentServer>b__0>d.MoveNext()
--- End of stack trace from previous location where exception was thrown ---
   at Microsoft.AspNetCore.Authorization.AuthorizationMiddleware.Invoke(HttpContext context)
   at Microsoft.AspNetCore.Authentication.AuthenticationMiddleware.Invoke(HttpContext context)
   at Swashbuckle.AspNetCore.SwaggerUI.SwaggerUIMiddleware.Invoke(HttpContext httpContext)
   at Swashbuckle.AspNetCore.Swagger.SwaggerMiddleware.Invoke(HttpContext httpContext, ISwaggerProvider swaggerProvider)
   at Microsoft.AspNetCore.Diagnostics.DeveloperExceptionPageMiddleware.Invoke(HttpContext context)

2021-11-25T22:43:06.5118590-05:00	FAIL	[Microsoft.AspNetCore.Diagnostics.DeveloperExceptionPageMiddleware]	[UnhandledException]	An unhandled exception has occurred while executing the request.System.ArgumentNullException: Value cannot be null. (Parameter 'connectionString')
   at Microsoft.EntityFrameworkCore.Utilities.Check.NotEmpty(String value, String parameterName)
   at Microsoft.EntityFrameworkCore.SqlServerDbContextOptionsExtensions.UseSqlServer(DbContextOptionsBuilder optionsBuilder, String connectionString, Action`1 sqlServerOptionsAction)
   at sp.Startup.<>c__DisplayClass4_0.<ConfigureServices>b__5(DbContextOptionsBuilder op) in /Users/marcmanuel/Projects/ui/sp/sp/Startup.cs:line 126
   at Microsoft.Extensions.DependencyInjection.EntityFrameworkServiceCollectionExtensions.<>c__DisplayClass1_0`2.<AddDbContext>b__0(IServiceProvider p, DbContextOptionsBuilder b)
   at Microsoft.Extensions.DependencyInjection.EntityFrameworkServiceCollectionExtensions.CreateDbContextOptions[TContext](IServiceProvider applicationServiceProvider, Action`2 optionsAction)
   at Microsoft.Extensions.DependencyInjection.EntityFrameworkServiceCollectionExtensions.<>c__DisplayClass10_0`1.<AddCoreServices>b__0(IServiceProvider p)
   at Microsoft.Extensions.DependencyInjection.ServiceLookup.CallSiteRuntimeResolver.VisitFactory(FactoryCallSite factoryCallSite, RuntimeResolverContext context)
   at Microsoft.Extensions.DependencyInjection.ServiceLookup.CallSiteVisitor`2.VisitCallSiteMain(ServiceCallSite callSite, TArgument argument)
   at Microsoft.Extensions.DependencyInjection.ServiceLookup.CallSiteRuntimeResolver.VisitCache(ServiceCallSite callSite, RuntimeResolverContext context, ServiceProviderEngineScope serviceProviderEngine, RuntimeResolverLock lockType)
   at Microsoft.Extensions.DependencyInjection.ServiceLookup.CallSiteRuntimeResolver.VisitScopeCache(ServiceCallSite singletonCallSite, RuntimeResolverContext context)
   at Microsoft.Extensions.DependencyInjection.ServiceLookup.CallSiteVisitor`2.VisitCallSite(ServiceCallSite callSite, TArgument argument)
   at Microsoft.Extensions.DependencyInjection.ServiceLookup.CallSiteRuntimeResolver.VisitConstructor(ConstructorCallSite constructorCallSite, RuntimeResolverContext context)
   at Microsoft.Extensions.DependencyInjection.ServiceLookup.CallSiteVisitor`2.VisitCallSiteMain(ServiceCallSite callSite, TArgument argument)
   at Microsoft.Extensions.DependencyInjection.ServiceLookup.CallSiteRuntimeResolver.VisitCache(ServiceCallSite callSite, RuntimeResolverContext context, ServiceProviderEngineScope serviceProviderEngine, RuntimeResolverLock lockType)
   at Microsoft.Extensions.DependencyInjection.ServiceLookup.CallSiteRuntimeResolver.VisitScopeCache(ServiceCallSite singletonCallSite, RuntimeResolverContext context)
   at Microsoft.Extensions.DependencyInjection.ServiceLookup.CallSiteVisitor`2.VisitCallSite(ServiceCallSite callSite, TArgument argument)
   at Microsoft.Extensions.DependencyInjection.ServiceLookup.CallSiteRuntimeResolver.VisitConstructor(ConstructorCallSite constructorCallSite, RuntimeResolverContext context)
   at Microsoft.Extensions.DependencyInjection.ServiceLookup.CallSiteVisitor`2.VisitCallSiteMain(ServiceCallSite callSite, TArgument argument)
   at Microsoft.Extensions.DependencyInjection.ServiceLookup.CallSiteRuntimeResolver.VisitDisposeCache(ServiceCallSite transientCallSite, RuntimeResolverContext context)
   at Microsoft.Extensions.DependencyInjection.ServiceLookup.CallSiteVisitor`2.VisitCallSite(ServiceCallSite callSite, TArgument argument)
   at Microsoft.Extensions.DependencyInjection.ServiceLookup.CallSiteRuntimeResolver.VisitConstructor(ConstructorCallSite constructorCallSite, RuntimeResolverContext context)
   at Microsoft.Extensions.DependencyInjection.ServiceLookup.CallSiteVisitor`2.VisitCallSiteMain(ServiceCallSite callSite, TArgument argument)
   at Microsoft.Extensions.DependencyInjection.ServiceLookup.CallSiteRuntimeResolver.VisitDisposeCache(ServiceCallSite transientCallSite, RuntimeResolverContext context)
   at Microsoft.Extensions.DependencyInjection.ServiceLookup.CallSiteVisitor`2.VisitCallSite(ServiceCallSite callSite, TArgument argument)
   at Microsoft.Extensions.DependencyInjection.ServiceLookup.CallSiteRuntimeResolver.Resolve(ServiceCallSite callSite, ServiceProviderEngineScope scope)
   at Microsoft.Extensions.DependencyInjection.ServiceLookup.DynamicServiceProviderEngine.<>c__DisplayClass1_0.<RealizeService>b__0(ServiceProviderEngineScope scope)
   at Microsoft.Extensions.DependencyInjection.ServiceLookup.ServiceProviderEngine.GetService(Type serviceType, ServiceProviderEngineScope serviceProviderEngineScope)
   at Microsoft.Extensions.DependencyInjection.ServiceLookup.ServiceProviderEngineScope.GetService(Type serviceType)
   at Microsoft.Extensions.DependencyInjection.ActivatorUtilities.GetService(IServiceProvider sp, Type type, Type requiredBy, Boolean isDefaultParameterRequired)
   at lambda_method(Closure , IServiceProvider , Object[] )
   at Microsoft.AspNetCore.Mvc.Controllers.ControllerActivatorProvider.<>c__DisplayClass4_0.<CreateActivator>b__0(ControllerContext controllerContext)
   at Microsoft.AspNetCore.Mvc.Controllers.ControllerFactoryProvider.<>c__DisplayClass5_0.<CreateControllerFactory>g__CreateController|0(ControllerContext controllerContext)
   at Microsoft.AspNetCore.Mvc.Infrastructure.ControllerActionInvoker.Next(State& next, Scope& scope, Object& state, Boolean& isCompleted)
   at Microsoft.AspNetCore.Mvc.Infrastructure.ControllerActionInvoker.InvokeInnerFilterAsync()
--- End of stack trace from previous location where exception was thrown ---
   at Microsoft.AspNetCore.Mvc.Infrastructure.ResourceInvoker.<InvokeNextResourceFilter>g__Awaited|24_0(ResourceInvoker invoker, Task lastTask, State next, Scope scope, Object state, Boolean isCompleted)
   at Microsoft.AspNetCore.Mvc.Infrastructure.ResourceInvoker.Rethrow(ResourceExecutedContextSealed context)
   at Microsoft.AspNetCore.Mvc.Infrastructure.ResourceInvoker.Next(State& next, Scope& scope, Object& state, Boolean& isCompleted)
   at Microsoft.AspNetCore.Mvc.Infrastructure.ResourceInvoker.InvokeFilterPipelineAsync()
--- End of stack trace from previous location where exception was thrown ---
   at Microsoft.AspNetCore.Mvc.Infrastructure.ResourceInvoker.<InvokeAsync>g__Awaited|17_0(ResourceInvoker invoker, Task task, IDisposable scope)
   at Microsoft.AspNetCore.Routing.EndpointMiddleware.<Invoke>g__AwaitRequestTask|6_0(Endpoint endpoint, Task requestTask, ILogger logger)
   at Microsoft.AspNetCore.Authorization.AuthorizationMiddleware.Invoke(HttpContext context)
   at Microsoft.AspNetCore.Authentication.AuthenticationMiddleware.Invoke(HttpContext context)
   at Swashbuckle.AspNetCore.SwaggerUI.SwaggerUIMiddleware.Invoke(HttpContext httpContext)
   at Swashbuckle.AspNetCore.Swagger.SwaggerMiddleware.Invoke(HttpContext httpContext, ISwaggerProvider swaggerProvider)
   at Microsoft.AspNetCore.Diagnostics.DeveloperExceptionPageMiddleware.Invoke(HttpContext context)

2021-11-25T23:18:37.3085200-05:00	FAIL	[Microsoft.AspNetCore.SpaServices]	[0]	WARNING in /Users/marcmanuel/Projects/ui/sp/sp/ClientApp/src/main.ts depends on 'hammerjs'. CommonJS or AMD dependencies can cause optimization bailouts.
For more info see: https://angular.io/guide/build#configuring-commonjs-dependencies

WARNING in /Users/marcmanuel/Projects/ui/sp/sp/ClientApp/src/app/services/token.interceptor.ts depends on 'rxjs/add/operator/mergeMap'. CommonJS or AMD dependencies can cause optimization bailouts.
For more info see: https://angular.io/guide/build#configuring-commonjs-dependencies

WARNING in /Users/marcmanuel/Projects/ui/sp/sp/ClientApp/src/app/services/token.interceptor.ts depends on 'rxjs/add/operator/catch'. CommonJS or AMD dependencies can cause optimization bailouts.
For more info see: https://angular.io/guide/build#configuring-commonjs-dependencies

WARNING in /Users/marcmanuel/Projects/ui/sp/sp/ClientApp/node_modules/rxjs/add/operator/mergeMap.js depends on 'rxjs-compat/add/operator/mergeMap'. CommonJS or AMD dependencies can cause optimization bailouts.
For more info see: https://angular.io/guide/build#configuring-commonjs-dependencies

WARNING in /Users/marcmanuel/Projects/ui/sp/sp/ClientApp/node_modules/rxjs/add/operator/catch.js depends on 'rxjs-compat/add/operator/catch'. CommonJS or AMD dependencies can cause optimization bailouts.
For more info see: https://angular.io/guide/build#configuring-commonjs-dependencies

2021-11-25T23:20:03.1395060-05:00	FAIL	[Microsoft.AspNetCore.Diagnostics.DeveloperExceptionPageMiddleware]	[UnhandledException]	An unhandled exception has occurred while executing the request.System.TimeoutException: The Angular CLI process did not start listening for requests within the timeout period of 0 seconds. Check the log output for error information.
   at Microsoft.AspNetCore.SpaServices.Extensions.Util.TaskTimeoutExtensions.WithTimeout[T](Task`1 task, TimeSpan timeoutDelay, String message)
   at Microsoft.AspNetCore.SpaServices.Extensions.Proxy.SpaProxy.PerformProxyRequest(HttpContext context, HttpClient httpClient, Task`1 baseUriTask, CancellationToken applicationStoppingToken, Boolean proxy404s)
   at Microsoft.AspNetCore.Builder.SpaProxyingExtensions.<>c__DisplayClass2_0.<<UseProxyToSpaDevelopmentServer>b__0>d.MoveNext()
--- End of stack trace from previous location where exception was thrown ---
   at Microsoft.AspNetCore.Authorization.AuthorizationMiddleware.Invoke(HttpContext context)
   at Microsoft.AspNetCore.Authentication.AuthenticationMiddleware.Invoke(HttpContext context)
   at Swashbuckle.AspNetCore.SwaggerUI.SwaggerUIMiddleware.Invoke(HttpContext httpContext)
   at Swashbuckle.AspNetCore.Swagger.SwaggerMiddleware.Invoke(HttpContext httpContext, ISwaggerProvider swaggerProvider)
   at Microsoft.AspNetCore.Diagnostics.DeveloperExceptionPageMiddleware.Invoke(HttpContext context)

2021-11-25T23:31:42.3076190-05:00	FAIL	[Microsoft.AspNetCore.Diagnostics.DeveloperExceptionPageMiddleware]	[UnhandledException]	An unhandled exception has occurred while executing the request.System.TimeoutException: The Angular CLI process did not start listening for requests within the timeout period of 0 seconds. Check the log output for error information.
   at Microsoft.AspNetCore.SpaServices.Extensions.Util.TaskTimeoutExtensions.WithTimeout[T](Task`1 task, TimeSpan timeoutDelay, String message)
   at Microsoft.AspNetCore.SpaServices.Extensions.Proxy.SpaProxy.PerformProxyRequest(HttpContext context, HttpClient httpClient, Task`1 baseUriTask, CancellationToken applicationStoppingToken, Boolean proxy404s)
   at Microsoft.AspNetCore.Builder.SpaProxyingExtensions.<>c__DisplayClass2_0.<<UseProxyToSpaDevelopmentServer>b__0>d.MoveNext()
--- End of stack trace from previous location where exception was thrown ---
   at Microsoft.AspNetCore.Authorization.AuthorizationMiddleware.Invoke(HttpContext context)
   at Microsoft.AspNetCore.Authentication.AuthenticationMiddleware.Invoke(HttpContext context)
   at Swashbuckle.AspNetCore.SwaggerUI.SwaggerUIMiddleware.Invoke(HttpContext httpContext)
   at Swashbuckle.AspNetCore.Swagger.SwaggerMiddleware.Invoke(HttpContext httpContext, ISwaggerProvider swaggerProvider)
   at Microsoft.AspNetCore.Diagnostics.DeveloperExceptionPageMiddleware.Invoke(HttpContext context)

2021-11-26T23:04:39.7410730-05:00	FAIL	[Microsoft.AspNetCore.SpaServices]	[0]	WARNING in /Users/marcmanuel/Projects/ui/sp/sp/ClientApp/src/main.ts depends on 'hammerjs'. CommonJS or AMD dependencies can cause optimization bailouts.
For more info see: https://angular.io/guide/build#configuring-commonjs-dependencies

WARNING in /Users/marcmanuel/Projects/ui/sp/sp/ClientApp/src/app/services/token.interceptor.ts depends on 'rxjs/add/operator/mergeMap'. CommonJS or AMD dependencies can cause optimization bailouts.
For more info see: https://angular.io/guide/build#configuring-commonjs-dependencies

WARNING in /Users/marcmanuel/Projects/ui/sp/sp/ClientApp/src/app/services/token.interceptor.ts depends on 'rxjs/add/operator/catch'. CommonJS or AMD dependencies can cause optimization bailouts.
For more info see: https://angular.io/guide/build#configuring-commonjs-dependencies

WARNING in /Users/marcmanuel/Projects/ui/sp/sp/ClientApp/node_modules/rxjs/add/operator/mergeMap.js depends on 'rxjs-compat/add/operator/mergeMap'. CommonJS or AMD dependencies can cause optimization bailouts.
For more info see: https://angular.io/guide/build#configuring-commonjs-dependencies

WARNING in /Users/marcmanuel/Projects/ui/sp/sp/ClientApp/node_modules/rxjs/add/operator/catch.js depends on 'rxjs-compat/add/operator/catch'. CommonJS or AMD dependencies can cause optimization bailouts.
For more info see: https://angular.io/guide/build#configuring-commonjs-dependencies

2021-11-26T23:06:08.3951090-05:00	FAIL	[Microsoft.AspNetCore.Diagnostics.DeveloperExceptionPageMiddleware]	[UnhandledException]	An unhandled exception has occurred while executing the request.System.TimeoutException: The Angular CLI process did not start listening for requests within the timeout period of 0 seconds. Check the log output for error information.
   at Microsoft.AspNetCore.SpaServices.Extensions.Util.TaskTimeoutExtensions.WithTimeout[T](Task`1 task, TimeSpan timeoutDelay, String message)
   at Microsoft.AspNetCore.SpaServices.Extensions.Proxy.SpaProxy.PerformProxyRequest(HttpContext context, HttpClient httpClient, Task`1 baseUriTask, CancellationToken applicationStoppingToken, Boolean proxy404s)
   at Microsoft.AspNetCore.Builder.SpaProxyingExtensions.<>c__DisplayClass2_0.<<UseProxyToSpaDevelopmentServer>b__0>d.MoveNext()
--- End of stack trace from previous location where exception was thrown ---
   at Microsoft.AspNetCore.Authorization.AuthorizationMiddleware.Invoke(HttpContext context)
   at Microsoft.AspNetCore.Authentication.AuthenticationMiddleware.Invoke(HttpContext context)
   at Swashbuckle.AspNetCore.SwaggerUI.SwaggerUIMiddleware.Invoke(HttpContext httpContext)
   at Swashbuckle.AspNetCore.Swagger.SwaggerMiddleware.Invoke(HttpContext httpContext, ISwaggerProvider swaggerProvider)
   at Microsoft.AspNetCore.Diagnostics.DeveloperExceptionPageMiddleware.Invoke(HttpContext context)

2021-11-27T18:36:08.5614190-05:00	FAIL	[Microsoft.AspNetCore.SpaServices]	[0]	WARNING in /Users/marcmanuel/Projects/ui/sp/sp/ClientApp/src/main.ts depends on 'hammerjs'. CommonJS or AMD dependencies can cause optimization bailouts.
For more info see: https://angular.io/guide/build#configuring-commonjs-dependencies

WARNING in /Users/marcmanuel/Projects/ui/sp/sp/ClientApp/src/app/services/token.interceptor.ts depends on 'rxjs/add/operator/mergeMap'. CommonJS or AMD dependencies can cause optimization bailouts.
For more info see: https://angular.io/guide/build#configuring-commonjs-dependencies

WARNING in /Users/marcmanuel/Projects/ui/sp/sp/ClientApp/src/app/services/token.interceptor.ts depends on 'rxjs/add/operator/catch'. CommonJS or AMD dependencies can cause optimization bailouts.
For more info see: https://angular.io/guide/build#configuring-commonjs-dependencies

WARNING in /Users/marcmanuel/Projects/ui/sp/sp/ClientApp/node_modules/rxjs/add/operator/mergeMap.js depends on 'rxjs-compat/add/operator/mergeMap'. CommonJS or AMD dependencies can cause optimization bailouts.
For more info see: https://angular.io/guide/build#configuring-commonjs-dependencies

WARNING in /Users/marcmanuel/Projects/ui/sp/sp/ClientApp/node_modules/rxjs/add/operator/catch.js depends on 'rxjs-compat/add/operator/catch'. CommonJS or AMD dependencies can cause optimization bailouts.
For more info see: https://angular.io/guide/build#configuring-commonjs-dependencies

2021-11-30T13:46:53.3655080-05:00	FAIL	[Microsoft.AspNetCore.SpaServices]	[0]	WARNING in /Users/marcmanuel/Projects/ui/sp/sp/ClientApp/src/main.ts depends on 'hammerjs'. CommonJS or AMD dependencies can cause optimization bailouts.
For more info see: https://angular.io/guide/build#configuring-commonjs-dependencies

2021-11-30T14:00:42.7518770-05:00	FAIL	[Microsoft.AspNetCore.SpaServices]	[0]	WARNING in /Users/marcmanuel/Projects/ui/sp/sp/ClientApp/src/main.ts depends on 'hammerjs'. CommonJS or AMD dependencies can cause optimization bailouts.
For more info see: https://angular.io/guide/build#configuring-commonjs-dependencies

2021-12-01T23:35:48.7872510-05:00	FAIL	[Microsoft.AspNetCore.SpaServices]	[0]	WARNING in /Users/marcmanuel/Projects/ui/sp/sp/ClientApp/src/main.ts depends on 'hammerjs'. CommonJS or AMD dependencies can cause optimization bailouts.
For more info see: https://angular.io/guide/build#configuring-commonjs-dependencies

2021-12-01T23:41:32.7104780-05:00	FAIL	[Microsoft.AspNetCore.SpaServices]	[0]	WARNING in /Users/marcmanuel/Projects/ui/sp/sp/ClientApp/src/main.ts depends on 'hammerjs'. CommonJS or AMD dependencies can cause optimization bailouts.
For more info see: https://angular.io/guide/build#configuring-commonjs-dependencies

2021-12-02T23:50:05.9564910-05:00	FAIL	[Microsoft.AspNetCore.SpaServices]	[0]	WARNING in /Users/marcmanuel/Projects/ui/sp/sp/ClientApp/src/main.ts depends on 'hammerjs'. CommonJS or AMD dependencies can cause optimization bailouts.
For more info see: https://angular.io/guide/build#configuring-commonjs-dependencies

2021-12-03T00:41:10.4709240-05:00	FAIL	[Microsoft.AspNetCore.SpaServices]	[0]	    ERROR in src/app/messages/view-messages/view-messages.component.html:227:27 - error TS2339: Property 'txtKeyV2' does not exist on type 'ViewMessagesComponent'.
    
    227               <div *ngIf="txtKeyV2.errors && (txtKeyV2.dirty || txtKeyV2.touched)  && !txtKeyV2.valid">
                                  ~~~~~~~~
    
      src/app/messages/view-messages/view-messages.component.ts:14:16
        14   templateUrl: './view-messages.component.html',
                          ~~~~~~~~~~~~~~~~~~~~~~~~~~~~~~~~
        Error occurs in the template of component ViewMessagesComponent.
    src/app/messages/view-messages/view-messages.component.html:227:47 - error TS2339: Property 'txtKeyV2' does not exist on type 'ViewMessagesComponent'.
    
    227               <div *ngIf="txtKeyV2.errors && (txtKeyV2.dirty || txtKeyV2.touched)  && !txtKeyV2.valid">
                                                      ~~~~~~~~
    
      src/app/messages/view-messages/view-messages.component.ts:14:16
        14   templateUrl: './view-messages.component.html',
                          ~~~~~~~~~~~~~~~~~~~~~~~~~~~~~~~~
        Error occurs in the template of component ViewMessagesComponent.
    src/app/messages/view-messages/view-messages.component.html:227:65 - error TS2339: Property 'txtKeyV2' does not exist on type 'ViewMessagesComponent'.
    
    227               <div *ngIf="txtKeyV2.errors && (txtKeyV2.dirty || txtKeyV2.touched)  && !txtKeyV2.valid">
                                                                        ~~~~~~~~
    
      src/app/messages/view-messages/view-messages.component.ts:14:16
        14   templateUrl: './view-messages.component.html',
                          ~~~~~~~~~~~~~~~~~~~~~~~~~~~~~~~~
        Error occurs in the template of component ViewMessagesComponent.
    src/app/messages/view-messages/view-messages.component.html:227:88 - error TS2339: Property 'txtKeyV2' does not exist on type 'ViewMessagesComponent'.
    
    227               <div *ngIf="txtKeyV2.errors && (txtKeyV2.dirty || txtKeyV2.touched)  && !txtKeyV2.valid">
                                                                                               ~~~~~~~~
    
      src/app/messages/view-messages/view-messages.component.ts:14:16
        14   templateUrl: './view-messages.component.html',
                          ~~~~~~~~~~~~~~~~~~~~~~~~~~~~~~~~
        Error occurs in the template of component ViewMessagesComponent.
    
    

2021-12-04T21:37:00.3794570-05:00	FAIL	[Microsoft.AspNetCore.SpaServices]	[0]	WARNING in /Users/marcmanuel/Projects/ui/sp/sp/ClientApp/src/main.ts depends on 'hammerjs'. CommonJS or AMD dependencies can cause optimization bailouts.
For more info see: https://angular.io/guide/build#configuring-commonjs-dependencies

2021-12-05T16:10:42.5251830-05:00	FAIL	[Microsoft.AspNetCore.SpaServices]	[0]	WARNING in /Users/marcmanuel/Projects/ui/sp/sp/ClientApp/src/main.ts depends on 'hammerjs'. CommonJS or AMD dependencies can cause optimization bailouts.
For more info see: https://angular.io/guide/build#configuring-commonjs-dependencies

2021-12-05T16:30:00.3382060-05:00	FAIL	[Microsoft.AspNetCore.SpaServices]	[0]	WARNING in /Users/marcmanuel/Projects/ui/sp/sp/ClientApp/src/main.ts depends on 'hammerjs'. CommonJS or AMD dependencies can cause optimization bailouts.
For more info see: https://angular.io/guide/build#configuring-commonjs-dependencies

2021-12-05T16:42:10.3990510-05:00	FAIL	[Microsoft.AspNetCore.Diagnostics.DeveloperExceptionPageMiddleware]	[UnhandledException]	An unhandled exception has occurred while executing the request.System.Net.Mail.SmtpException: The SMTP server requires a secure connection or the client was not authenticated. The server response was: 5.7.0 Must issue a STARTTLS command first. w10sm6614492qtj.37 - gsmtp
   at System.Net.Mail.MailCommand.CheckResponse(SmtpStatusCode statusCode, String response)
   at System.Net.Mail.MailCommand.Send(SmtpConnection conn, Byte[] command, MailAddress from, Boolean allowUnicode)
   at System.Net.Mail.SmtpTransport.SendMail(MailAddress sender, MailAddressCollection recipients, String deliveryNotify, Boolean allowUnicode, SmtpFailedRecipientException& exception)
   at System.Net.Mail.SmtpClient.Send(MailMessage message)
   at ESapi.Repository.CommonRepository.SendMail(String memberName, String fromEmail, String toEmail, String subject, String body, Boolean isBodyHtml) in /Users/marcmanuel/Projects/ui/sp/sp/Repository/CommonRepository.cs:line 262
   at ESapi.Repository.MemberRepository.SendEmail(String email, String code, String firstName, String lastName) in /Users/marcmanuel/Projects/ui/sp/sp/Repository/MemberRepository.cs:line 106
   at ESapi.Repository.MemberRepository.RegisterUserToLG(String fName, String lName, String email, String pwd, String day, String month, String year, String gender, String profileType) in /Users/marcmanuel/Projects/ui/sp/sp/Repository/MemberRepository.cs:line 86
   at ESapi.Controllers.AccountController.RegisterUser(RegisterModel body) in /Users/marcmanuel/Projects/ui/sp/sp/Controllers/AccountController.cs:line 150
   at lambda_method(Closure , Object , Object[] )
   at Microsoft.Extensions.Internal.ObjectMethodExecutor.Execute(Object target, Object[] parameters)
   at Microsoft.AspNetCore.Mvc.Infrastructure.ActionMethodExecutor.SyncObjectResultExecutor.Execute(IActionResultTypeMapper mapper, ObjectMethodExecutor executor, Object controller, Object[] arguments)
   at Microsoft.AspNetCore.Mvc.Infrastructure.ControllerActionInvoker.InvokeActionMethodAsync()
   at Microsoft.AspNetCore.Mvc.Infrastructure.ControllerActionInvoker.Next(State& next, Scope& scope, Object& state, Boolean& isCompleted)
   at Microsoft.AspNetCore.Mvc.Infrastructure.ControllerActionInvoker.InvokeNextActionFilterAsync()
--- End of stack trace from previous location where exception was thrown ---
   at Microsoft.AspNetCore.Mvc.Infrastructure.ControllerActionInvoker.Rethrow(ActionExecutedContextSealed context)
   at Microsoft.AspNetCore.Mvc.Infrastructure.ControllerActionInvoker.Next(State& next, Scope& scope, Object& state, Boolean& isCompleted)
   at Microsoft.AspNetCore.Mvc.Infrastructure.ControllerActionInvoker.InvokeInnerFilterAsync()
--- End of stack trace from previous location where exception was thrown ---
   at Microsoft.AspNetCore.Mvc.Infrastructure.ResourceInvoker.<InvokeNextResourceFilter>g__Awaited|24_0(ResourceInvoker invoker, Task lastTask, State next, Scope scope, Object state, Boolean isCompleted)
   at Microsoft.AspNetCore.Mvc.Infrastructure.ResourceInvoker.Rethrow(ResourceExecutedContextSealed context)
   at Microsoft.AspNetCore.Mvc.Infrastructure.ResourceInvoker.Next(State& next, Scope& scope, Object& state, Boolean& isCompleted)
   at Microsoft.AspNetCore.Mvc.Infrastructure.ResourceInvoker.InvokeFilterPipelineAsync()
--- End of stack trace from previous location where exception was thrown ---
   at Microsoft.AspNetCore.Mvc.Infrastructure.ResourceInvoker.<InvokeAsync>g__Awaited|17_0(ResourceInvoker invoker, Task task, IDisposable scope)
   at Microsoft.AspNetCore.Routing.EndpointMiddleware.<Invoke>g__AwaitRequestTask|6_0(Endpoint endpoint, Task requestTask, ILogger logger)
   at Microsoft.AspNetCore.Authorization.AuthorizationMiddleware.Invoke(HttpContext context)
   at Microsoft.AspNetCore.Authentication.AuthenticationMiddleware.Invoke(HttpContext context)
   at Swashbuckle.AspNetCore.SwaggerUI.SwaggerUIMiddleware.Invoke(HttpContext httpContext)
   at Swashbuckle.AspNetCore.Swagger.SwaggerMiddleware.Invoke(HttpContext httpContext, ISwaggerProvider swaggerProvider)
   at Microsoft.AspNetCore.Diagnostics.DeveloperExceptionPageMiddleware.Invoke(HttpContext context)

2021-12-05T16:43:15.2458950-05:00	FAIL	[Microsoft.AspNetCore.SpaServices]	[0]	WARNING in /Users/marcmanuel/Projects/ui/sp/sp/ClientApp/src/main.ts depends on 'hammerjs'. CommonJS or AMD dependencies can cause optimization bailouts.
For more info see: https://angular.io/guide/build#configuring-commonjs-dependencies

2021-12-05T16:45:55.3439040-05:00	FAIL	[Microsoft.AspNetCore.Diagnostics.DeveloperExceptionPageMiddleware]	[UnhandledException]	An unhandled exception has occurred while executing the request.System.Net.Mail.SmtpException: The SMTP server requires a secure connection or the client was not authenticated. The server response was: 5.7.0 Authentication Required. Learn more at
   at System.Net.Mail.MailCommand.CheckResponse(SmtpStatusCode statusCode, String response)
   at System.Net.Mail.MailCommand.Send(SmtpConnection conn, Byte[] command, MailAddress from, Boolean allowUnicode)
   at System.Net.Mail.SmtpTransport.SendMail(MailAddress sender, MailAddressCollection recipients, String deliveryNotify, Boolean allowUnicode, SmtpFailedRecipientException& exception)
   at System.Net.Mail.SmtpClient.Send(MailMessage message)
   at ESapi.Repository.CommonRepository.SendMail(String memberName, String fromEmail, String toEmail, String subject, String body, Boolean isBodyHtml) in /Users/marcmanuel/Projects/ui/sp/sp/Repository/CommonRepository.cs:line 262
   at ESapi.Repository.MemberRepository.SendEmail(String email, String code, String firstName, String lastName) in /Users/marcmanuel/Projects/ui/sp/sp/Repository/MemberRepository.cs:line 106
   at ESapi.Repository.MemberRepository.RegisterUserToLG(String fName, String lName, String email, String pwd, String day, String month, String year, String gender, String profileType) in /Users/marcmanuel/Projects/ui/sp/sp/Repository/MemberRepository.cs:line 86
   at ESapi.Controllers.AccountController.RegisterUser(RegisterModel body) in /Users/marcmanuel/Projects/ui/sp/sp/Controllers/AccountController.cs:line 150
   at lambda_method(Closure , Object , Object[] )
   at Microsoft.Extensions.Internal.ObjectMethodExecutor.Execute(Object target, Object[] parameters)
   at Microsoft.AspNetCore.Mvc.Infrastructure.ActionMethodExecutor.SyncObjectResultExecutor.Execute(IActionResultTypeMapper mapper, ObjectMethodExecutor executor, Object controller, Object[] arguments)
   at Microsoft.AspNetCore.Mvc.Infrastructure.ControllerActionInvoker.InvokeActionMethodAsync()
   at Microsoft.AspNetCore.Mvc.Infrastructure.ControllerActionInvoker.Next(State& next, Scope& scope, Object& state, Boolean& isCompleted)
   at Microsoft.AspNetCore.Mvc.Infrastructure.ControllerActionInvoker.InvokeNextActionFilterAsync()
--- End of stack trace from previous location where exception was thrown ---
   at Microsoft.AspNetCore.Mvc.Infrastructure.ControllerActionInvoker.Rethrow(ActionExecutedContextSealed context)
   at Microsoft.AspNetCore.Mvc.Infrastructure.ControllerActionInvoker.Next(State& next, Scope& scope, Object& state, Boolean& isCompleted)
   at Microsoft.AspNetCore.Mvc.Infrastructure.ControllerActionInvoker.InvokeInnerFilterAsync()
--- End of stack trace from previous location where exception was thrown ---
   at Microsoft.AspNetCore.Mvc.Infrastructure.ResourceInvoker.<InvokeNextResourceFilter>g__Awaited|24_0(ResourceInvoker invoker, Task lastTask, State next, Scope scope, Object state, Boolean isCompleted)
   at Microsoft.AspNetCore.Mvc.Infrastructure.ResourceInvoker.Rethrow(ResourceExecutedContextSealed context)
   at Microsoft.AspNetCore.Mvc.Infrastructure.ResourceInvoker.Next(State& next, Scope& scope, Object& state, Boolean& isCompleted)
   at Microsoft.AspNetCore.Mvc.Infrastructure.ResourceInvoker.InvokeFilterPipelineAsync()
--- End of stack trace from previous location where exception was thrown ---
   at Microsoft.AspNetCore.Mvc.Infrastructure.ResourceInvoker.<InvokeAsync>g__Awaited|17_0(ResourceInvoker invoker, Task task, IDisposable scope)
   at Microsoft.AspNetCore.Routing.EndpointMiddleware.<Invoke>g__AwaitRequestTask|6_0(Endpoint endpoint, Task requestTask, ILogger logger)
   at Microsoft.AspNetCore.Authorization.AuthorizationMiddleware.Invoke(HttpContext context)
   at Microsoft.AspNetCore.Authentication.AuthenticationMiddleware.Invoke(HttpContext context)
   at Swashbuckle.AspNetCore.SwaggerUI.SwaggerUIMiddleware.Invoke(HttpContext httpContext)
   at Swashbuckle.AspNetCore.Swagger.SwaggerMiddleware.Invoke(HttpContext httpContext, ISwaggerProvider swaggerProvider)
   at Microsoft.AspNetCore.Diagnostics.DeveloperExceptionPageMiddleware.Invoke(HttpContext context)

2021-12-05T16:48:00.4501890-05:00	FAIL	[Microsoft.AspNetCore.SpaServices]	[0]	WARNING in /Users/marcmanuel/Projects/ui/sp/sp/ClientApp/src/main.ts depends on 'hammerjs'. CommonJS or AMD dependencies can cause optimization bailouts.
For more info see: https://angular.io/guide/build#configuring-commonjs-dependencies

2021-12-05T16:49:16.4370340-05:00	FAIL	[Microsoft.AspNetCore.Diagnostics.DeveloperExceptionPageMiddleware]	[UnhandledException]	An unhandled exception has occurred while executing the request.System.TimeoutException: The Angular CLI process did not start listening for requests within the timeout period of 0 seconds. Check the log output for error information.
   at Microsoft.AspNetCore.SpaServices.Extensions.Util.TaskTimeoutExtensions.WithTimeout[T](Task`1 task, TimeSpan timeoutDelay, String message)
   at Microsoft.AspNetCore.SpaServices.Extensions.Proxy.SpaProxy.PerformProxyRequest(HttpContext context, HttpClient httpClient, Task`1 baseUriTask, CancellationToken applicationStoppingToken, Boolean proxy404s)
   at Microsoft.AspNetCore.Builder.SpaProxyingExtensions.<>c__DisplayClass2_0.<<UseProxyToSpaDevelopmentServer>b__0>d.MoveNext()
--- End of stack trace from previous location where exception was thrown ---
   at Microsoft.AspNetCore.Authorization.AuthorizationMiddleware.Invoke(HttpContext context)
   at Microsoft.AspNetCore.Authentication.AuthenticationMiddleware.Invoke(HttpContext context)
   at Swashbuckle.AspNetCore.SwaggerUI.SwaggerUIMiddleware.Invoke(HttpContext httpContext)
   at Swashbuckle.AspNetCore.Swagger.SwaggerMiddleware.Invoke(HttpContext httpContext, ISwaggerProvider swaggerProvider)
   at Microsoft.AspNetCore.Diagnostics.DeveloperExceptionPageMiddleware.Invoke(HttpContext context)

2021-12-05T16:49:16.4370700-05:00	FAIL	[Microsoft.AspNetCore.Diagnostics.DeveloperExceptionPageMiddleware]	[UnhandledException]	An unhandled exception has occurred while executing the request.System.TimeoutException: The Angular CLI process did not start listening for requests within the timeout period of 0 seconds. Check the log output for error information.
   at Microsoft.AspNetCore.SpaServices.Extensions.Util.TaskTimeoutExtensions.WithTimeout[T](Task`1 task, TimeSpan timeoutDelay, String message)
   at Microsoft.AspNetCore.SpaServices.Extensions.Proxy.SpaProxy.PerformProxyRequest(HttpContext context, HttpClient httpClient, Task`1 baseUriTask, CancellationToken applicationStoppingToken, Boolean proxy404s)
   at Microsoft.AspNetCore.Builder.SpaProxyingExtensions.<>c__DisplayClass2_0.<<UseProxyToSpaDevelopmentServer>b__0>d.MoveNext()
--- End of stack trace from previous location where exception was thrown ---
   at Microsoft.AspNetCore.Authorization.AuthorizationMiddleware.Invoke(HttpContext context)
   at Microsoft.AspNetCore.Authentication.AuthenticationMiddleware.Invoke(HttpContext context)
   at Microsoft.AspNetCore.Routing.EndpointRoutingMiddleware.<Invoke>g__AwaitMatcher|8_0(EndpointRoutingMiddleware middleware, HttpContext httpContext, Task`1 matcherTask)
   at Swashbuckle.AspNetCore.SwaggerUI.SwaggerUIMiddleware.Invoke(HttpContext httpContext)
   at Swashbuckle.AspNetCore.Swagger.SwaggerMiddleware.Invoke(HttpContext httpContext, ISwaggerProvider swaggerProvider)
   at Microsoft.AspNetCore.Diagnostics.DeveloperExceptionPageMiddleware.Invoke(HttpContext context)

2021-12-05T16:50:43.5276460-05:00	FAIL	[Microsoft.AspNetCore.Diagnostics.DeveloperExceptionPageMiddleware]	[UnhandledException]	An unhandled exception has occurred while executing the request.System.Net.Mail.SmtpException: The operation has timed out.
   at System.Net.Mail.SmtpClient.Send(MailMessage message)
   at ESapi.Repository.CommonRepository.SendMail(String memberName, String fromEmail, String toEmail, String subject, String body, Boolean isBodyHtml) in /Users/marcmanuel/Projects/ui/sp/sp/Repository/CommonRepository.cs:line 262
   at ESapi.Repository.MemberRepository.SendEmail(String email, String code, String firstName, String lastName) in /Users/marcmanuel/Projects/ui/sp/sp/Repository/MemberRepository.cs:line 106
   at ESapi.Repository.MemberRepository.RegisterUserToLG(String fName, String lName, String email, String pwd, String day, String month, String year, String gender, String profileType) in /Users/marcmanuel/Projects/ui/sp/sp/Repository/MemberRepository.cs:line 86
   at ESapi.Controllers.AccountController.RegisterUser(RegisterModel body) in /Users/marcmanuel/Projects/ui/sp/sp/Controllers/AccountController.cs:line 150
   at lambda_method(Closure , Object , Object[] )
   at Microsoft.Extensions.Internal.ObjectMethodExecutor.Execute(Object target, Object[] parameters)
   at Microsoft.AspNetCore.Mvc.Infrastructure.ActionMethodExecutor.SyncObjectResultExecutor.Execute(IActionResultTypeMapper mapper, ObjectMethodExecutor executor, Object controller, Object[] arguments)
   at Microsoft.AspNetCore.Mvc.Infrastructure.ControllerActionInvoker.InvokeActionMethodAsync()
   at Microsoft.AspNetCore.Mvc.Infrastructure.ControllerActionInvoker.Next(State& next, Scope& scope, Object& state, Boolean& isCompleted)
   at Microsoft.AspNetCore.Mvc.Infrastructure.ControllerActionInvoker.InvokeNextActionFilterAsync()
--- End of stack trace from previous location where exception was thrown ---
   at Microsoft.AspNetCore.Mvc.Infrastructure.ControllerActionInvoker.Rethrow(ActionExecutedContextSealed context)
   at Microsoft.AspNetCore.Mvc.Infrastructure.ControllerActionInvoker.Next(State& next, Scope& scope, Object& state, Boolean& isCompleted)
   at Microsoft.AspNetCore.Mvc.Infrastructure.ControllerActionInvoker.InvokeInnerFilterAsync()
--- End of stack trace from previous location where exception was thrown ---
   at Microsoft.AspNetCore.Mvc.Infrastructure.ResourceInvoker.<InvokeNextResourceFilter>g__Awaited|24_0(ResourceInvoker invoker, Task lastTask, State next, Scope scope, Object state, Boolean isCompleted)
   at Microsoft.AspNetCore.Mvc.Infrastructure.ResourceInvoker.Rethrow(ResourceExecutedContextSealed context)
   at Microsoft.AspNetCore.Mvc.Infrastructure.ResourceInvoker.Next(State& next, Scope& scope, Object& state, Boolean& isCompleted)
   at Microsoft.AspNetCore.Mvc.Infrastructure.ResourceInvoker.InvokeFilterPipelineAsync()
--- End of stack trace from previous location where exception was thrown ---
   at Microsoft.AspNetCore.Mvc.Infrastructure.ResourceInvoker.<InvokeAsync>g__Awaited|17_0(ResourceInvoker invoker, Task task, IDisposable scope)
   at Microsoft.AspNetCore.Routing.EndpointMiddleware.<Invoke>g__AwaitRequestTask|6_0(Endpoint endpoint, Task requestTask, ILogger logger)
   at Microsoft.AspNetCore.Authorization.AuthorizationMiddleware.Invoke(HttpContext context)
   at Microsoft.AspNetCore.Authentication.AuthenticationMiddleware.Invoke(HttpContext context)
   at Swashbuckle.AspNetCore.SwaggerUI.SwaggerUIMiddleware.Invoke(HttpContext httpContext)
   at Swashbuckle.AspNetCore.Swagger.SwaggerMiddleware.Invoke(HttpContext httpContext, ISwaggerProvider swaggerProvider)
   at Microsoft.AspNetCore.Diagnostics.DeveloperExceptionPageMiddleware.Invoke(HttpContext context)

2021-12-05T16:55:07.2724780-05:00	FAIL	[Microsoft.AspNetCore.SpaServices]	[0]	WARNING in /Users/marcmanuel/Projects/ui/sp/sp/ClientApp/src/main.ts depends on 'hammerjs'. CommonJS or AMD dependencies can cause optimization bailouts.
For more info see: https://angular.io/guide/build#configuring-commonjs-dependencies

2021-12-05T17:57:27.6189150-05:00	FAIL	[Microsoft.AspNetCore.SpaServices]	[0]	WARNING in /Users/marcmanuel/Projects/ui/sp/sp/ClientApp/src/main.ts depends on 'hammerjs'. CommonJS or AMD dependencies can cause optimization bailouts.
For more info see: https://angular.io/guide/build#configuring-commonjs-dependencies

2021-12-05T18:02:33.5575110-05:00	FAIL	[Microsoft.AspNetCore.Diagnostics.DeveloperExceptionPageMiddleware]	[UnhandledException]	An unhandled exception has occurred while executing the request.System.Net.Mail.SmtpException: The operation has timed out.
   at System.Net.Mail.SmtpClient.Send(MailMessage message)
   at ESapi.Repository.CommonRepository.SendMail(String memberName, String fromEmail, String toEmail, String subject, String body, Boolean isBodyHtml) in /Users/marcmanuel/Projects/ui/sp/sp/Repository/CommonRepository.cs:line 261
   at ESapi.Repository.MemberRepository.SendEmail(String email, String code, String firstName, String lastName) in /Users/marcmanuel/Projects/ui/sp/sp/Repository/MemberRepository.cs:line 106
   at ESapi.Repository.MemberRepository.RegisterUserToLG(String fName, String lName, String email, String pwd, String day, String month, String year, String gender, String profileType) in /Users/marcmanuel/Projects/ui/sp/sp/Repository/MemberRepository.cs:line 86
   at ESapi.Controllers.AccountController.RegisterUser(RegisterModel body) in /Users/marcmanuel/Projects/ui/sp/sp/Controllers/AccountController.cs:line 150
   at lambda_method(Closure , Object , Object[] )
   at Microsoft.Extensions.Internal.ObjectMethodExecutor.Execute(Object target, Object[] parameters)
   at Microsoft.AspNetCore.Mvc.Infrastructure.ActionMethodExecutor.SyncObjectResultExecutor.Execute(IActionResultTypeMapper mapper, ObjectMethodExecutor executor, Object controller, Object[] arguments)
   at Microsoft.AspNetCore.Mvc.Infrastructure.ControllerActionInvoker.InvokeActionMethodAsync()
   at Microsoft.AspNetCore.Mvc.Infrastructure.ControllerActionInvoker.Next(State& next, Scope& scope, Object& state, Boolean& isCompleted)
   at Microsoft.AspNetCore.Mvc.Infrastructure.ControllerActionInvoker.InvokeNextActionFilterAsync()
--- End of stack trace from previous location where exception was thrown ---
   at Microsoft.AspNetCore.Mvc.Infrastructure.ControllerActionInvoker.Rethrow(ActionExecutedContextSealed context)
   at Microsoft.AspNetCore.Mvc.Infrastructure.ControllerActionInvoker.Next(State& next, Scope& scope, Object& state, Boolean& isCompleted)
   at Microsoft.AspNetCore.Mvc.Infrastructure.ControllerActionInvoker.InvokeInnerFilterAsync()
--- End of stack trace from previous location where exception was thrown ---
   at Microsoft.AspNetCore.Mvc.Infrastructure.ResourceInvoker.<InvokeNextResourceFilter>g__Awaited|24_0(ResourceInvoker invoker, Task lastTask, State next, Scope scope, Object state, Boolean isCompleted)
   at Microsoft.AspNetCore.Mvc.Infrastructure.ResourceInvoker.Rethrow(ResourceExecutedContextSealed context)
   at Microsoft.AspNetCore.Mvc.Infrastructure.ResourceInvoker.Next(State& next, Scope& scope, Object& state, Boolean& isCompleted)
   at Microsoft.AspNetCore.Mvc.Infrastructure.ResourceInvoker.InvokeFilterPipelineAsync()
--- End of stack trace from previous location where exception was thrown ---
   at Microsoft.AspNetCore.Mvc.Infrastructure.ResourceInvoker.<InvokeAsync>g__Awaited|17_0(ResourceInvoker invoker, Task task, IDisposable scope)
   at Microsoft.AspNetCore.Routing.EndpointMiddleware.<Invoke>g__AwaitRequestTask|6_0(Endpoint endpoint, Task requestTask, ILogger logger)
   at Microsoft.AspNetCore.Authorization.AuthorizationMiddleware.Invoke(HttpContext context)
   at Microsoft.AspNetCore.Authentication.AuthenticationMiddleware.Invoke(HttpContext context)
   at Swashbuckle.AspNetCore.SwaggerUI.SwaggerUIMiddleware.Invoke(HttpContext httpContext)
   at Swashbuckle.AspNetCore.Swagger.SwaggerMiddleware.Invoke(HttpContext httpContext, ISwaggerProvider swaggerProvider)
   at Microsoft.AspNetCore.Diagnostics.DeveloperExceptionPageMiddleware.Invoke(HttpContext context)

2021-12-05T22:21:17.4167840-05:00	FAIL	[Microsoft.AspNetCore.SpaServices]	[0]	WARNING in /Users/marcmanuel/Projects/ui/sp/sp/ClientApp/src/main.ts depends on 'hammerjs'. CommonJS or AMD dependencies can cause optimization bailouts.
For more info see: https://angular.io/guide/build#configuring-commonjs-dependencies

2021-12-05T22:25:45.2987860-05:00	FAIL	[Microsoft.AspNetCore.Diagnostics.DeveloperExceptionPageMiddleware]	[UnhandledException]	An unhandled exception has occurred while executing the request.System.TimeoutException: The Angular CLI process did not start listening for requests within the timeout period of 0 seconds. Check the log output for error information.
   at Microsoft.AspNetCore.SpaServices.Extensions.Util.TaskTimeoutExtensions.WithTimeout[T](Task`1 task, TimeSpan timeoutDelay, String message)
   at Microsoft.AspNetCore.SpaServices.Extensions.Proxy.SpaProxy.PerformProxyRequest(HttpContext context, HttpClient httpClient, Task`1 baseUriTask, CancellationToken applicationStoppingToken, Boolean proxy404s)
   at Microsoft.AspNetCore.Builder.SpaProxyingExtensions.<>c__DisplayClass2_0.<<UseProxyToSpaDevelopmentServer>b__0>d.MoveNext()
--- End of stack trace from previous location where exception was thrown ---
   at Microsoft.AspNetCore.Authorization.AuthorizationMiddleware.Invoke(HttpContext context)
   at Microsoft.AspNetCore.Authentication.AuthenticationMiddleware.Invoke(HttpContext context)
   at Microsoft.AspNetCore.Routing.EndpointRoutingMiddleware.<Invoke>g__AwaitMatcher|8_0(EndpointRoutingMiddleware middleware, HttpContext httpContext, Task`1 matcherTask)
   at Swashbuckle.AspNetCore.SwaggerUI.SwaggerUIMiddleware.Invoke(HttpContext httpContext)
   at Swashbuckle.AspNetCore.Swagger.SwaggerMiddleware.Invoke(HttpContext httpContext, ISwaggerProvider swaggerProvider)
   at Microsoft.AspNetCore.Diagnostics.DeveloperExceptionPageMiddleware.Invoke(HttpContext context)

2021-12-05T22:25:45.3895210-05:00	FAIL	[Microsoft.AspNetCore.Diagnostics.DeveloperExceptionPageMiddleware]	[UnhandledException]	An unhandled exception has occurred while executing the request.System.TimeoutException: The Angular CLI process did not start listening for requests within the timeout period of 0 seconds. Check the log output for error information.
   at Microsoft.AspNetCore.SpaServices.Extensions.Util.TaskTimeoutExtensions.WithTimeout[T](Task`1 task, TimeSpan timeoutDelay, String message)
   at Microsoft.AspNetCore.SpaServices.Extensions.Proxy.SpaProxy.PerformProxyRequest(HttpContext context, HttpClient httpClient, Task`1 baseUriTask, CancellationToken applicationStoppingToken, Boolean proxy404s)
   at Microsoft.AspNetCore.Builder.SpaProxyingExtensions.<>c__DisplayClass2_0.<<UseProxyToSpaDevelopmentServer>b__0>d.MoveNext()
--- End of stack trace from previous location where exception was thrown ---
   at Microsoft.AspNetCore.Authorization.AuthorizationMiddleware.Invoke(HttpContext context)
   at Microsoft.AspNetCore.Authentication.AuthenticationMiddleware.Invoke(HttpContext context)
   at Swashbuckle.AspNetCore.SwaggerUI.SwaggerUIMiddleware.Invoke(HttpContext httpContext)
   at Swashbuckle.AspNetCore.Swagger.SwaggerMiddleware.Invoke(HttpContext httpContext, ISwaggerProvider swaggerProvider)
   at Microsoft.AspNetCore.Diagnostics.DeveloperExceptionPageMiddleware.Invoke(HttpContext context)

2021-12-05T22:27:42.4838110-05:00	FAIL	[Microsoft.AspNetCore.SpaServices]	[0]	WARNING in /Users/marcmanuel/Projects/ui/sp/sp/ClientApp/src/main.ts depends on 'hammerjs'. CommonJS or AMD dependencies can cause optimization bailouts.
For more info see: https://angular.io/guide/build#configuring-commonjs-dependencies

2021-12-05T22:40:08.6993010-05:00	FAIL	[Microsoft.AspNetCore.Diagnostics.DeveloperExceptionPageMiddleware]	[UnhandledException]	An unhandled exception has occurred while executing the request.System.Net.Mail.SmtpException: The operation has timed out.
   at System.Net.Mail.SmtpClient.Send(MailMessage message)
   at ESapi.Repository.CommonRepository.SendMail(String memberName, String fromEmail, String toEmail, String subject, String body, Boolean isBodyHtml) in /Users/marcmanuel/Projects/ui/sp/sp/Repository/CommonRepository.cs:line 262
   at ESapi.Repository.MemberRepository.SendEmail(String email, String code, String firstName, String lastName) in /Users/marcmanuel/Projects/ui/sp/sp/Repository/MemberRepository.cs:line 106
   at ESapi.Repository.MemberRepository.RegisterUserToLG(String fName, String lName, String email, String pwd, String day, String month, String year, String gender, String profileType) in /Users/marcmanuel/Projects/ui/sp/sp/Repository/MemberRepository.cs:line 86
   at ESapi.Controllers.AccountController.RegisterUser(RegisterModel body) in /Users/marcmanuel/Projects/ui/sp/sp/Controllers/AccountController.cs:line 150
   at lambda_method(Closure , Object , Object[] )
   at Microsoft.Extensions.Internal.ObjectMethodExecutor.Execute(Object target, Object[] parameters)
   at Microsoft.AspNetCore.Mvc.Infrastructure.ActionMethodExecutor.SyncObjectResultExecutor.Execute(IActionResultTypeMapper mapper, ObjectMethodExecutor executor, Object controller, Object[] arguments)
   at Microsoft.AspNetCore.Mvc.Infrastructure.ControllerActionInvoker.InvokeActionMethodAsync()
   at Microsoft.AspNetCore.Mvc.Infrastructure.ControllerActionInvoker.Next(State& next, Scope& scope, Object& state, Boolean& isCompleted)
   at Microsoft.AspNetCore.Mvc.Infrastructure.ControllerActionInvoker.InvokeNextActionFilterAsync()
--- End of stack trace from previous location where exception was thrown ---
   at Microsoft.AspNetCore.Mvc.Infrastructure.ControllerActionInvoker.Rethrow(ActionExecutedContextSealed context)
   at Microsoft.AspNetCore.Mvc.Infrastructure.ControllerActionInvoker.Next(State& next, Scope& scope, Object& state, Boolean& isCompleted)
   at Microsoft.AspNetCore.Mvc.Infrastructure.ControllerActionInvoker.InvokeInnerFilterAsync()
--- End of stack trace from previous location where exception was thrown ---
   at Microsoft.AspNetCore.Mvc.Infrastructure.ResourceInvoker.<InvokeNextResourceFilter>g__Awaited|24_0(ResourceInvoker invoker, Task lastTask, State next, Scope scope, Object state, Boolean isCompleted)
   at Microsoft.AspNetCore.Mvc.Infrastructure.ResourceInvoker.Rethrow(ResourceExecutedContextSealed context)
   at Microsoft.AspNetCore.Mvc.Infrastructure.ResourceInvoker.Next(State& next, Scope& scope, Object& state, Boolean& isCompleted)
   at Microsoft.AspNetCore.Mvc.Infrastructure.ResourceInvoker.InvokeFilterPipelineAsync()
--- End of stack trace from previous location where exception was thrown ---
   at Microsoft.AspNetCore.Mvc.Infrastructure.ResourceInvoker.<InvokeAsync>g__Awaited|17_0(ResourceInvoker invoker, Task task, IDisposable scope)
   at Microsoft.AspNetCore.Routing.EndpointMiddleware.<Invoke>g__AwaitRequestTask|6_0(Endpoint endpoint, Task requestTask, ILogger logger)
   at Microsoft.AspNetCore.Authorization.AuthorizationMiddleware.Invoke(HttpContext context)
   at Microsoft.AspNetCore.Authentication.AuthenticationMiddleware.Invoke(HttpContext context)
   at Swashbuckle.AspNetCore.SwaggerUI.SwaggerUIMiddleware.Invoke(HttpContext httpContext)
   at Swashbuckle.AspNetCore.Swagger.SwaggerMiddleware.Invoke(HttpContext httpContext, ISwaggerProvider swaggerProvider)
   at Microsoft.AspNetCore.Diagnostics.DeveloperExceptionPageMiddleware.Invoke(HttpContext context)

2021-12-07T01:16:11.1215560-05:00	FAIL	[Microsoft.AspNetCore.SpaServices]	[0]	WARNING in /Users/marcmanuel/Projects/ui/sp/sp/ClientApp/src/main.ts depends on 'hammerjs'. CommonJS or AMD dependencies can cause optimization bailouts.
For more info see: https://angular.io/guide/build#configuring-commonjs-dependencies

2021-12-07T01:19:33.8092500-05:00	FAIL	[Microsoft.AspNetCore.Diagnostics.DeveloperExceptionPageMiddleware]	[UnhandledException]	An unhandled exception has occurred while executing the request.System.Net.Mail.SmtpException: Failure sending mail.
 ---> System.Net.Internals.SocketExceptionFactory+ExtendedSocketException (60): Operation timed out [::ffff:14.1.23.26]:25
   at System.Net.Sockets.Socket.DoConnect(EndPoint endPointSnapshot, SocketAddress socketAddress)
   at System.Net.Sockets.Socket.Connect(EndPoint remoteEP)
   at System.Net.Sockets.TcpClient.Connect(IPEndPoint remoteEP)
   at System.Net.Sockets.TcpClient.Connect(String hostname, Int32 port)
--- End of stack trace from previous location where exception was thrown ---
   at System.Net.Sockets.TcpClient.Connect(String hostname, Int32 port)
   at System.Net.Mail.SmtpConnection.GetConnection(String host, Int32 port)
   at System.Net.Mail.SmtpTransport.GetConnection(String host, Int32 port)
   at System.Net.Mail.SmtpClient.GetConnection()
   at System.Net.Mail.SmtpClient.Send(MailMessage message)
   --- End of inner exception stack trace ---
   at System.Net.Mail.SmtpClient.Send(MailMessage message)
   at ESapi.Repository.CommonRepository.SendMail(String memberName, String fromEmail, String toEmail, String subject, String body, Boolean isBodyHtml) in /Users/marcmanuel/Projects/ui/sp/sp/Repository/CommonRepository.cs:line 261
   at ESapi.Repository.MemberRepository.SendEmail(String email, String code, String firstName, String lastName) in /Users/marcmanuel/Projects/ui/sp/sp/Repository/MemberRepository.cs:line 106
   at ESapi.Repository.MemberRepository.RegisterUserToLG(String fName, String lName, String email, String pwd, String day, String month, String year, String gender, String profileType) in /Users/marcmanuel/Projects/ui/sp/sp/Repository/MemberRepository.cs:line 86
   at ESapi.Controllers.AccountController.RegisterUser(RegisterModel body) in /Users/marcmanuel/Projects/ui/sp/sp/Controllers/AccountController.cs:line 150
   at lambda_method(Closure , Object , Object[] )
   at Microsoft.Extensions.Internal.ObjectMethodExecutor.Execute(Object target, Object[] parameters)
   at Microsoft.AspNetCore.Mvc.Infrastructure.ActionMethodExecutor.SyncObjectResultExecutor.Execute(IActionResultTypeMapper mapper, ObjectMethodExecutor executor, Object controller, Object[] arguments)
   at Microsoft.AspNetCore.Mvc.Infrastructure.ControllerActionInvoker.InvokeActionMethodAsync()
   at Microsoft.AspNetCore.Mvc.Infrastructure.ControllerActionInvoker.Next(State& next, Scope& scope, Object& state, Boolean& isCompleted)
   at Microsoft.AspNetCore.Mvc.Infrastructure.ControllerActionInvoker.InvokeNextActionFilterAsync()
--- End of stack trace from previous location where exception was thrown ---
   at Microsoft.AspNetCore.Mvc.Infrastructure.ControllerActionInvoker.Rethrow(ActionExecutedContextSealed context)
   at Microsoft.AspNetCore.Mvc.Infrastructure.ControllerActionInvoker.Next(State& next, Scope& scope, Object& state, Boolean& isCompleted)
   at Microsoft.AspNetCore.Mvc.Infrastructure.ControllerActionInvoker.InvokeInnerFilterAsync()
--- End of stack trace from previous location where exception was thrown ---
   at Microsoft.AspNetCore.Mvc.Infrastructure.ResourceInvoker.<InvokeNextResourceFilter>g__Awaited|24_0(ResourceInvoker invoker, Task lastTask, State next, Scope scope, Object state, Boolean isCompleted)
   at Microsoft.AspNetCore.Mvc.Infrastructure.ResourceInvoker.Rethrow(ResourceExecutedContextSealed context)
   at Microsoft.AspNetCore.Mvc.Infrastructure.ResourceInvoker.Next(State& next, Scope& scope, Object& state, Boolean& isCompleted)
   at Microsoft.AspNetCore.Mvc.Infrastructure.ResourceInvoker.InvokeFilterPipelineAsync()
--- End of stack trace from previous location where exception was thrown ---
   at Microsoft.AspNetCore.Mvc.Infrastructure.ResourceInvoker.<InvokeAsync>g__Awaited|17_0(ResourceInvoker invoker, Task task, IDisposable scope)
   at Microsoft.AspNetCore.Routing.EndpointMiddleware.<Invoke>g__AwaitRequestTask|6_0(Endpoint endpoint, Task requestTask, ILogger logger)
   at Microsoft.AspNetCore.Authorization.AuthorizationMiddleware.Invoke(HttpContext context)
   at Microsoft.AspNetCore.Authentication.AuthenticationMiddleware.Invoke(HttpContext context)
   at Swashbuckle.AspNetCore.SwaggerUI.SwaggerUIMiddleware.Invoke(HttpContext httpContext)
   at Swashbuckle.AspNetCore.Swagger.SwaggerMiddleware.Invoke(HttpContext httpContext, ISwaggerProvider swaggerProvider)
   at Microsoft.AspNetCore.Diagnostics.DeveloperExceptionPageMiddleware.Invoke(HttpContext context)

2021-12-09T02:22:57.2734440-05:00	FAIL	[Microsoft.AspNetCore.Diagnostics.DeveloperExceptionPageMiddleware]	[UnhandledException]	An unhandled exception has occurred while executing the request.System.Net.WebSockets.WebSocketException (479426184): The WebSocket is in an invalid state ('Aborted') for this operation. Valid states are: 'Open, CloseReceived'
   at System.Net.WebSockets.WebSocketValidate.ThrowIfInvalidState(WebSocketState currentState, Boolean isDisposed, WebSocketState[] validStates)
   at System.Net.WebSockets.ManagedWebSocket.CloseOutputAsyncCore(WebSocketCloseStatus closeStatus, String statusDescription, CancellationToken cancellationToken)
   at Microsoft.AspNetCore.SpaServices.Extensions.Proxy.SpaProxy.PumpWebSocket(WebSocket source, WebSocket destination, Int32 bufferSize, CancellationToken cancellationToken)
   at Microsoft.AspNetCore.SpaServices.Extensions.Proxy.SpaProxy.AcceptProxyWebSocketRequest(HttpContext context, Uri destinationUri, CancellationToken cancellationToken)
   at Microsoft.AspNetCore.SpaServices.Extensions.Proxy.SpaProxy.PerformProxyRequest(HttpContext context, HttpClient httpClient, Task`1 baseUriTask, CancellationToken applicationStoppingToken, Boolean proxy404s)
   at Microsoft.AspNetCore.Builder.SpaProxyingExtensions.<>c__DisplayClass2_0.<<UseProxyToSpaDevelopmentServer>b__0>d.MoveNext()
--- End of stack trace from previous location where exception was thrown ---
   at Microsoft.AspNetCore.Authorization.AuthorizationMiddleware.Invoke(HttpContext context)
   at Microsoft.AspNetCore.Authentication.AuthenticationMiddleware.Invoke(HttpContext context)
   at Swashbuckle.AspNetCore.SwaggerUI.SwaggerUIMiddleware.Invoke(HttpContext httpContext)
   at Swashbuckle.AspNetCore.Swagger.SwaggerMiddleware.Invoke(HttpContext httpContext, ISwaggerProvider swaggerProvider)
   at Microsoft.AspNetCore.Diagnostics.DeveloperExceptionPageMiddleware.Invoke(HttpContext context)

2021-12-09T02:22:57.3215130-05:00	FAIL	[Microsoft.AspNetCore.Server.Kestrel]	[ApplicationError]	Connection id "0HMDQP7SP3RND", Request id "0HMDQP7SP3RND:00000001": An unhandled exception was thrown by the application.System.Net.WebSockets.WebSocketException (479426184): The WebSocket is in an invalid state ('Aborted') for this operation. Valid states are: 'Open, CloseReceived'
   at System.Net.WebSockets.WebSocketValidate.ThrowIfInvalidState(WebSocketState currentState, Boolean isDisposed, WebSocketState[] validStates)
   at System.Net.WebSockets.ManagedWebSocket.CloseOutputAsyncCore(WebSocketCloseStatus closeStatus, String statusDescription, CancellationToken cancellationToken)
   at Microsoft.AspNetCore.SpaServices.Extensions.Proxy.SpaProxy.PumpWebSocket(WebSocket source, WebSocket destination, Int32 bufferSize, CancellationToken cancellationToken)
   at Microsoft.AspNetCore.SpaServices.Extensions.Proxy.SpaProxy.AcceptProxyWebSocketRequest(HttpContext context, Uri destinationUri, CancellationToken cancellationToken)
   at Microsoft.AspNetCore.SpaServices.Extensions.Proxy.SpaProxy.PerformProxyRequest(HttpContext context, HttpClient httpClient, Task`1 baseUriTask, CancellationToken applicationStoppingToken, Boolean proxy404s)
   at Microsoft.AspNetCore.Builder.SpaProxyingExtensions.<>c__DisplayClass2_0.<<UseProxyToSpaDevelopmentServer>b__0>d.MoveNext()
--- End of stack trace from previous location where exception was thrown ---
   at Microsoft.AspNetCore.Authorization.AuthorizationMiddleware.Invoke(HttpContext context)
   at Microsoft.AspNetCore.Authentication.AuthenticationMiddleware.Invoke(HttpContext context)
   at Swashbuckle.AspNetCore.SwaggerUI.SwaggerUIMiddleware.Invoke(HttpContext httpContext)
   at Swashbuckle.AspNetCore.Swagger.SwaggerMiddleware.Invoke(HttpContext httpContext, ISwaggerProvider swaggerProvider)
   at Microsoft.AspNetCore.Diagnostics.DeveloperExceptionPageMiddleware.Invoke(HttpContext context)
   at Microsoft.AspNetCore.Diagnostics.DeveloperExceptionPageMiddleware.Invoke(HttpContext context)
   at Microsoft.AspNetCore.Server.Kestrel.Core.Internal.Http.HttpProtocol.ProcessRequests[TContext](IHttpApplication`1 application)

2021-12-12T18:18:59.8621710-05:00	FAIL	[Microsoft.AspNetCore.SpaServices]	[0]	ERROR in Errors parsing template: Unexpected closing tag "mat-tab". It may happen when the tag has already been closed by another tag. For more info see https://www.w3.org/TR/html5/syntax.html#closing-elements-that-have-implied-end-tags ("
        No photos were found.
    </span>-->
                [ERROR ->]</mat-tab>


"): /Users/marcmanuel/Projects/ui/sp/sp/ClientApp/src/app/members/show-profile/show-profile.component.html@431:16

2021-12-12T18:37:15.4486380-05:00	FAIL	[Microsoft.AspNetCore.SpaServices]	[0]	ERROR in Errors parsing template: Unexpected closing tag "mat-tab". It may happen when the tag has already been closed by another tag. For more info see https://www.w3.org/TR/html5/syntax.html#closing-elements-that-have-implied-end-tags ("
        No photos were found.
    </span>-->
                [ERROR ->]</mat-tab>


"): /Users/marcmanuel/Projects/ui/sp/sp/ClientApp/src/app/members/show-profile/show-profile.component.html@431:16

2021-12-12T18:41:46.5202600-05:00	FAIL	[Microsoft.AspNetCore.SpaServices]	[0]	ERROR in Errors parsing template: Unexpected closing tag "mat-tab". It may happen when the tag has already been closed by another tag. For more info see https://www.w3.org/TR/html5/syntax.html#closing-elements-that-have-implied-end-tags ("
        No photos were found.
    </span>-->
                [ERROR ->]</mat-tab>


"): /Users/marcmanuel/Projects/ui/sp/sp/ClientApp/src/app/members/show-profile/show-profile.component.html@431:16

2021-12-18T17:53:46.0027520-05:00	FAIL	[Microsoft.AspNetCore.SpaServices]	[0]	ERROR in src/app/members/show-profile/show-profile.component.html:405:46 - error TS2339: Property 'res' does not exist on type 'ShowProfileComponent'.

405             <br /><a id="lbInstName" href="{{res.webSite}}" target='_blank'
                                                 ~~~

  src/app/members/show-profile/show-profile.component.ts:27:16
    27   templateUrl: './show-profile.component.html',
                      ~~~~~~~~~~~~~~~~~~~~~~~~~~~~~~~
    Error occurs in the template of component ShowProfileComponent.
src/app/members/show-profile/show-profile.component.html:406:46 - error TS2339: Property 'res' does not exist on type 'ShowProfileComponent'.

406                style="font-weight:normal;">{{res.schoolName}}</a>
                                                 ~~~

  src/app/members/show-profile/show-profile.component.ts:27:16
    27   templateUrl: './show-profile.component.html',
                      ~~~~~~~~~~~~~~~~~~~~~~~~~~~~~~~
    Error occurs in the template of component ShowProfileComponent.


2021-12-18T18:24:01.7527040-05:00	FAIL	[Microsoft.AspNetCore.SpaServices]	[0]	ERROR in src/app/members/show-profile/show-profile.component.html:405:40 - error TS2339: Property 'res' does not exist on type 'ShowProfileComponent'.

405             <a id="lbInstName" href="{{res.webSite}}" target='_blank'
                                           ~~~

  src/app/members/show-profile/show-profile.component.ts:27:16
    27   templateUrl: './show-profile.component.html',
                      ~~~~~~~~~~~~~~~~~~~~~~~~~~~~~~~
    Error occurs in the template of component ShowProfileComponent.
src/app/members/show-profile/show-profile.component.html:406:46 - error TS2339: Property 'res' does not exist on type 'ShowProfileComponent'.

406                style="font-weight:normal;">{{res.schoolName}}</a>
                                                 ~~~

  src/app/members/show-profile/show-profile.component.ts:27:16
    27   templateUrl: './show-profile.component.html',
                      ~~~~~~~~~~~~~~~~~~~~~~~~~~~~~~~
    Error occurs in the template of component ShowProfileComponent.


2021-12-18T18:38:40.5691170-05:00	FAIL	[Microsoft.AspNetCore.SpaServices]	[0]	ERROR in src/app/members/show-profile/show-profile.component.html:405:40 - error TS2339: Property 'res' does not exist on type 'ShowProfileComponent'.

405             <a id="lbInstName" href="{{res.webSite}}" target='_blank'
                                           ~~~

  src/app/members/show-profile/show-profile.component.ts:27:16
    27   templateUrl: './show-profile.component.html',
                      ~~~~~~~~~~~~~~~~~~~~~~~~~~~~~~~
    Error occurs in the template of component ShowProfileComponent.
src/app/members/show-profile/show-profile.component.html:406:46 - error TS2339: Property 'res' does not exist on type 'ShowProfileComponent'.

406                style="font-weight:normal;">{{res.schoolName}}</a>
                                                 ~~~

  src/app/members/show-profile/show-profile.component.ts:27:16
    27   templateUrl: './show-profile.component.html',
                      ~~~~~~~~~~~~~~~~~~~~~~~~~~~~~~~
    Error occurs in the template of component ShowProfileComponent.


2021-12-18T19:53:55.1633670-05:00	FAIL	[Microsoft.AspNetCore.Diagnostics.DeveloperExceptionPageMiddleware]	[UnhandledException]	An unhandled exception has occurred while executing the request.System.TimeoutException: The Angular CLI process did not start listening for requests within the timeout period of 0 seconds. Check the log output for error information.
   at Microsoft.AspNetCore.SpaServices.Extensions.Util.TaskTimeoutExtensions.WithTimeout[T](Task`1 task, TimeSpan timeoutDelay, String message)
   at Microsoft.AspNetCore.SpaServices.Extensions.Proxy.SpaProxy.PerformProxyRequest(HttpContext context, HttpClient httpClient, Task`1 baseUriTask, CancellationToken applicationStoppingToken, Boolean proxy404s)
   at Microsoft.AspNetCore.Builder.SpaProxyingExtensions.<>c__DisplayClass2_0.<<UseProxyToSpaDevelopmentServer>b__0>d.MoveNext()
--- End of stack trace from previous location where exception was thrown ---
   at Microsoft.AspNetCore.Authorization.AuthorizationMiddleware.Invoke(HttpContext context)
   at Microsoft.AspNetCore.Authentication.AuthenticationMiddleware.Invoke(HttpContext context)
   at Swashbuckle.AspNetCore.SwaggerUI.SwaggerUIMiddleware.Invoke(HttpContext httpContext)
   at Swashbuckle.AspNetCore.Swagger.SwaggerMiddleware.Invoke(HttpContext httpContext, ISwaggerProvider swaggerProvider)
   at Microsoft.AspNetCore.Diagnostics.DeveloperExceptionPageMiddleware.Invoke(HttpContext context)

2021-12-18T20:14:59.8338030-05:00	FAIL	[Microsoft.AspNetCore.SpaServices]	[0]	WARNING in /Users/marcmanuel/Projects/ui/sp/sp/ClientApp/src/main.ts depends on 'hammerjs'. CommonJS or AMD dependencies can cause optimization bailouts.
For more info see: https://angular.io/guide/build#configuring-commonjs-dependencies

2021-12-18T21:19:48.1883860-05:00	FAIL	[Microsoft.AspNetCore.Diagnostics.DeveloperExceptionPageMiddleware]	[UnhandledException]	An unhandled exception has occurred while executing the request.System.TimeoutException: The Angular CLI process did not start listening for requests within the timeout period of 0 seconds. Check the log output for error information.
   at Microsoft.AspNetCore.SpaServices.Extensions.Util.TaskTimeoutExtensions.WithTimeout[T](Task`1 task, TimeSpan timeoutDelay, String message)
   at Microsoft.AspNetCore.SpaServices.Extensions.Proxy.SpaProxy.PerformProxyRequest(HttpContext context, HttpClient httpClient, Task`1 baseUriTask, CancellationToken applicationStoppingToken, Boolean proxy404s)
   at Microsoft.AspNetCore.Builder.SpaProxyingExtensions.<>c__DisplayClass2_0.<<UseProxyToSpaDevelopmentServer>b__0>d.MoveNext()
--- End of stack trace from previous location where exception was thrown ---
   at Microsoft.AspNetCore.Authorization.AuthorizationMiddleware.Invoke(HttpContext context)
   at Microsoft.AspNetCore.Authentication.AuthenticationMiddleware.Invoke(HttpContext context)
   at Swashbuckle.AspNetCore.SwaggerUI.SwaggerUIMiddleware.Invoke(HttpContext httpContext)
   at Swashbuckle.AspNetCore.Swagger.SwaggerMiddleware.Invoke(HttpContext httpContext, ISwaggerProvider swaggerProvider)
   at Microsoft.AspNetCore.Diagnostics.DeveloperExceptionPageMiddleware.Invoke(HttpContext context)

2021-12-18T21:21:54.8632610-05:00	FAIL	[Microsoft.AspNetCore.Diagnostics.DeveloperExceptionPageMiddleware]	[UnhandledException]	An unhandled exception has occurred while executing the request.System.TimeoutException: The Angular CLI process did not start listening for requests within the timeout period of 0 seconds. Check the log output for error information.
   at Microsoft.AspNetCore.SpaServices.Extensions.Util.TaskTimeoutExtensions.WithTimeout[T](Task`1 task, TimeSpan timeoutDelay, String message)
   at Microsoft.AspNetCore.SpaServices.Extensions.Proxy.SpaProxy.PerformProxyRequest(HttpContext context, HttpClient httpClient, Task`1 baseUriTask, CancellationToken applicationStoppingToken, Boolean proxy404s)
   at Microsoft.AspNetCore.Builder.SpaProxyingExtensions.<>c__DisplayClass2_0.<<UseProxyToSpaDevelopmentServer>b__0>d.MoveNext()
--- End of stack trace from previous location where exception was thrown ---
   at Microsoft.AspNetCore.Authorization.AuthorizationMiddleware.Invoke(HttpContext context)
   at Microsoft.AspNetCore.Authentication.AuthenticationMiddleware.Invoke(HttpContext context)
   at Swashbuckle.AspNetCore.SwaggerUI.SwaggerUIMiddleware.Invoke(HttpContext httpContext)
   at Swashbuckle.AspNetCore.Swagger.SwaggerMiddleware.Invoke(HttpContext httpContext, ISwaggerProvider swaggerProvider)
   at Microsoft.AspNetCore.Diagnostics.DeveloperExceptionPageMiddleware.Invoke(HttpContext context)

2021-12-19T00:20:58.6897110-05:00	FAIL	[Microsoft.AspNetCore.SpaServices]	[0]	WARNING in /Users/marcmanuel/Projects/ui/sp/sp/ClientApp/src/main.ts depends on 'hammerjs'. CommonJS or AMD dependencies can cause optimization bailouts.
For more info see: https://angular.io/guide/build#configuring-commonjs-dependencies


2021-12-19T00:21:00.0101850-05:00	FAIL	[Microsoft.AspNetCore.SpaServices]	[0]	ERROR in src/app/members/edit-profile/edit-profile.component.ts:77:30 - error TS1109: Expression expected.

77     this.instagramURL = await.this.membersSvc.getInstagramURL(this.memberID);
                                ~


2021-12-19T00:21:15.0377900-05:00	FAIL	[Microsoft.AspNetCore.SpaServices]	[0]	    ERROR in src/app/members/edit-profile/edit-profile.component.html:69:50 - error TS2339: Property 'instagramURL' does not exist on type 'EditProfileComponent'.
    
    69                                [(ngModel)]="this.instagramURL" />
                                                        ~~~~~~~~~~~~
    
      src/app/members/edit-profile/edit-profile.component.ts:10:16
        10   templateUrl: './edit-profile.component.html',
                          ~~~~~~~~~~~~~~~~~~~~~~~~~~~~~~~
        Error occurs in the template of component EditProfileComponent.
    src/app/members/edit-profile/edit-profile.component.html:69:50 - error TS2339: Property 'instagramURL' does not exist on type 'EditProfileComponent'.
    
    69                                [(ngModel)]="this.instagramURL" />
                                                        ~~~~~~~~~~~~
    
      src/app/members/edit-profile/edit-profile.component.ts:10:16
        10   templateUrl: './edit-profile.component.html',
                          ~~~~~~~~~~~~~~~~~~~~~~~~~~~~~~~
        Error occurs in the template of component EditProfileComponent.
    

2021-12-19T01:34:57.1881680-05:00	FAIL	[Microsoft.AspNetCore.SpaServices]	[0]	WARNING in /Users/marcmanuel/Projects/ui/sp/sp/ClientApp/src/main.ts depends on 'hammerjs'. CommonJS or AMD dependencies can cause optimization bailouts.
For more info see: https://angular.io/guide/build#configuring-commonjs-dependencies

2021-12-19T02:12:07.0183610-05:00	FAIL	[Microsoft.AspNetCore.SpaServices]	[0]	WARNING in /Users/marcmanuel/Projects/ui/sp/sp/ClientApp/src/main.ts depends on 'hammerjs'. CommonJS or AMD dependencies can cause optimization bailouts.
For more info see: https://angular.io/guide/build#configuring-commonjs-dependencies

2021-12-19T12:39:50.3883700-05:00	FAIL	[Microsoft.AspNetCore.Diagnostics.DeveloperExceptionPageMiddleware]	[UnhandledException]	An unhandled exception has occurred while executing the request.System.TimeoutException: The Angular CLI process did not start listening for requests within the timeout period of 0 seconds. Check the log output for error information.
   at Microsoft.AspNetCore.SpaServices.Extensions.Util.TaskTimeoutExtensions.WithTimeout[T](Task`1 task, TimeSpan timeoutDelay, String message)
   at Microsoft.AspNetCore.SpaServices.Extensions.Proxy.SpaProxy.PerformProxyRequest(HttpContext context, HttpClient httpClient, Task`1 baseUriTask, CancellationToken applicationStoppingToken, Boolean proxy404s)
   at Microsoft.AspNetCore.Builder.SpaProxyingExtensions.<>c__DisplayClass2_0.<<UseProxyToSpaDevelopmentServer>b__0>d.MoveNext()
--- End of stack trace from previous location where exception was thrown ---
   at Microsoft.AspNetCore.Authorization.AuthorizationMiddleware.Invoke(HttpContext context)
   at Microsoft.AspNetCore.Authentication.AuthenticationMiddleware.Invoke(HttpContext context)
   at Swashbuckle.AspNetCore.SwaggerUI.SwaggerUIMiddleware.Invoke(HttpContext httpContext)
   at Swashbuckle.AspNetCore.Swagger.SwaggerMiddleware.Invoke(HttpContext httpContext, ISwaggerProvider swaggerProvider)
   at Microsoft.AspNetCore.Diagnostics.DeveloperExceptionPageMiddleware.Invoke(HttpContext context)

2021-12-19T12:40:00.8702530-05:00	FAIL	[Microsoft.AspNetCore.Diagnostics.DeveloperExceptionPageMiddleware]	[UnhandledException]	An unhandled exception has occurred while executing the request.System.TimeoutException: The Angular CLI process did not start listening for requests within the timeout period of 0 seconds. Check the log output for error information.
   at Microsoft.AspNetCore.SpaServices.Extensions.Util.TaskTimeoutExtensions.WithTimeout[T](Task`1 task, TimeSpan timeoutDelay, String message)
   at Microsoft.AspNetCore.SpaServices.Extensions.Proxy.SpaProxy.PerformProxyRequest(HttpContext context, HttpClient httpClient, Task`1 baseUriTask, CancellationToken applicationStoppingToken, Boolean proxy404s)
   at Microsoft.AspNetCore.Builder.SpaProxyingExtensions.<>c__DisplayClass2_0.<<UseProxyToSpaDevelopmentServer>b__0>d.MoveNext()
--- End of stack trace from previous location where exception was thrown ---
   at Microsoft.AspNetCore.Authorization.AuthorizationMiddleware.Invoke(HttpContext context)
   at Microsoft.AspNetCore.Authentication.AuthenticationMiddleware.Invoke(HttpContext context)
   at Swashbuckle.AspNetCore.SwaggerUI.SwaggerUIMiddleware.Invoke(HttpContext httpContext)
   at Swashbuckle.AspNetCore.Swagger.SwaggerMiddleware.Invoke(HttpContext httpContext, ISwaggerProvider swaggerProvider)
   at Microsoft.AspNetCore.Diagnostics.DeveloperExceptionPageMiddleware.Invoke(HttpContext context)

2021-12-19T12:41:55.9456490-05:00	FAIL	[Microsoft.AspNetCore.Diagnostics.DeveloperExceptionPageMiddleware]	[UnhandledException]	An unhandled exception has occurred while executing the request.System.TimeoutException: The Angular CLI process did not start listening for requests within the timeout period of 0 seconds. Check the log output for error information.
   at Microsoft.AspNetCore.SpaServices.Extensions.Util.TaskTimeoutExtensions.WithTimeout[T](Task`1 task, TimeSpan timeoutDelay, String message)
   at Microsoft.AspNetCore.SpaServices.Extensions.Proxy.SpaProxy.PerformProxyRequest(HttpContext context, HttpClient httpClient, Task`1 baseUriTask, CancellationToken applicationStoppingToken, Boolean proxy404s)
   at Microsoft.AspNetCore.Builder.SpaProxyingExtensions.<>c__DisplayClass2_0.<<UseProxyToSpaDevelopmentServer>b__0>d.MoveNext()
--- End of stack trace from previous location where exception was thrown ---
   at Microsoft.AspNetCore.Authorization.AuthorizationMiddleware.Invoke(HttpContext context)
   at Microsoft.AspNetCore.Authentication.AuthenticationMiddleware.Invoke(HttpContext context)
   at Swashbuckle.AspNetCore.SwaggerUI.SwaggerUIMiddleware.Invoke(HttpContext httpContext)
   at Swashbuckle.AspNetCore.Swagger.SwaggerMiddleware.Invoke(HttpContext httpContext, ISwaggerProvider swaggerProvider)
   at Microsoft.AspNetCore.Diagnostics.DeveloperExceptionPageMiddleware.Invoke(HttpContext context)

2021-12-19T12:44:47.3138620-05:00	FAIL	[Microsoft.AspNetCore.Diagnostics.DeveloperExceptionPageMiddleware]	[UnhandledException]	An unhandled exception has occurred while executing the request.System.TimeoutException: The Angular CLI process did not start listening for requests within the timeout period of 0 seconds. Check the log output for error information.
   at Microsoft.AspNetCore.SpaServices.Extensions.Util.TaskTimeoutExtensions.WithTimeout[T](Task`1 task, TimeSpan timeoutDelay, String message)
   at Microsoft.AspNetCore.SpaServices.Extensions.Proxy.SpaProxy.PerformProxyRequest(HttpContext context, HttpClient httpClient, Task`1 baseUriTask, CancellationToken applicationStoppingToken, Boolean proxy404s)
   at Microsoft.AspNetCore.Builder.SpaProxyingExtensions.<>c__DisplayClass2_0.<<UseProxyToSpaDevelopmentServer>b__0>d.MoveNext()
--- End of stack trace from previous location where exception was thrown ---
   at Microsoft.AspNetCore.Authorization.AuthorizationMiddleware.Invoke(HttpContext context)
   at Microsoft.AspNetCore.Authentication.AuthenticationMiddleware.Invoke(HttpContext context)
   at Swashbuckle.AspNetCore.SwaggerUI.SwaggerUIMiddleware.Invoke(HttpContext httpContext)
   at Swashbuckle.AspNetCore.Swagger.SwaggerMiddleware.Invoke(HttpContext httpContext, ISwaggerProvider swaggerProvider)
   at Microsoft.AspNetCore.Diagnostics.DeveloperExceptionPageMiddleware.Invoke(HttpContext context)

2021-12-19T16:22:37.2249350-05:00	FAIL	[Microsoft.AspNetCore.Diagnostics.DeveloperExceptionPageMiddleware]	[UnhandledException]	An unhandled exception has occurred while executing the request.System.Net.WebSockets.WebSocketException (0x80004005): The WebSocket is in an invalid state ('Aborted') for this operation. Valid states are: 'Open, CloseReceived'
   at System.Net.WebSockets.WebSocketValidate.ThrowIfInvalidState(WebSocketState currentState, Boolean isDisposed, WebSocketState[] validStates)
   at System.Net.WebSockets.ManagedWebSocket.CloseOutputAsyncCore(WebSocketCloseStatus closeStatus, String statusDescription, CancellationToken cancellationToken)
   at Microsoft.AspNetCore.SpaServices.Extensions.Proxy.SpaProxy.PumpWebSocket(WebSocket source, WebSocket destination, Int32 bufferSize, CancellationToken cancellationToken)
   at Microsoft.AspNetCore.SpaServices.Extensions.Proxy.SpaProxy.AcceptProxyWebSocketRequest(HttpContext context, Uri destinationUri, CancellationToken cancellationToken)
   at Microsoft.AspNetCore.SpaServices.Extensions.Proxy.SpaProxy.PerformProxyRequest(HttpContext context, HttpClient httpClient, Task`1 baseUriTask, CancellationToken applicationStoppingToken, Boolean proxy404s)
   at Microsoft.AspNetCore.Builder.SpaProxyingExtensions.<>c__DisplayClass2_0.<<UseProxyToSpaDevelopmentServer>b__0>d.MoveNext()
--- End of stack trace from previous location where exception was thrown ---
   at Microsoft.AspNetCore.Authorization.AuthorizationMiddleware.Invoke(HttpContext context)
   at Microsoft.AspNetCore.Authentication.AuthenticationMiddleware.Invoke(HttpContext context)
   at Swashbuckle.AspNetCore.SwaggerUI.SwaggerUIMiddleware.Invoke(HttpContext httpContext)
   at Swashbuckle.AspNetCore.Swagger.SwaggerMiddleware.Invoke(HttpContext httpContext, ISwaggerProvider swaggerProvider)
   at Microsoft.AspNetCore.Diagnostics.DeveloperExceptionPageMiddleware.Invoke(HttpContext context)

2021-12-19T16:22:37.3161860-05:00	FAIL	[Microsoft.AspNetCore.Server.Kestrel]	[ApplicationError]	Connection id "0HME368RJ9I3A", Request id "0HME368RJ9I3A:00000001": An unhandled exception was thrown by the application.System.Net.WebSockets.WebSocketException (0x80004005): The WebSocket is in an invalid state ('Aborted') for this operation. Valid states are: 'Open, CloseReceived'
   at System.Net.WebSockets.WebSocketValidate.ThrowIfInvalidState(WebSocketState currentState, Boolean isDisposed, WebSocketState[] validStates)
   at System.Net.WebSockets.ManagedWebSocket.CloseOutputAsyncCore(WebSocketCloseStatus closeStatus, String statusDescription, CancellationToken cancellationToken)
   at Microsoft.AspNetCore.SpaServices.Extensions.Proxy.SpaProxy.PumpWebSocket(WebSocket source, WebSocket destination, Int32 bufferSize, CancellationToken cancellationToken)
   at Microsoft.AspNetCore.SpaServices.Extensions.Proxy.SpaProxy.AcceptProxyWebSocketRequest(HttpContext context, Uri destinationUri, CancellationToken cancellationToken)
   at Microsoft.AspNetCore.SpaServices.Extensions.Proxy.SpaProxy.PerformProxyRequest(HttpContext context, HttpClient httpClient, Task`1 baseUriTask, CancellationToken applicationStoppingToken, Boolean proxy404s)
   at Microsoft.AspNetCore.Builder.SpaProxyingExtensions.<>c__DisplayClass2_0.<<UseProxyToSpaDevelopmentServer>b__0>d.MoveNext()
--- End of stack trace from previous location where exception was thrown ---
   at Microsoft.AspNetCore.Authorization.AuthorizationMiddleware.Invoke(HttpContext context)
   at Microsoft.AspNetCore.Authentication.AuthenticationMiddleware.Invoke(HttpContext context)
   at Swashbuckle.AspNetCore.SwaggerUI.SwaggerUIMiddleware.Invoke(HttpContext httpContext)
   at Swashbuckle.AspNetCore.Swagger.SwaggerMiddleware.Invoke(HttpContext httpContext, ISwaggerProvider swaggerProvider)
   at Microsoft.AspNetCore.Diagnostics.DeveloperExceptionPageMiddleware.Invoke(HttpContext context)
   at Microsoft.AspNetCore.Diagnostics.DeveloperExceptionPageMiddleware.Invoke(HttpContext context)
   at Microsoft.AspNetCore.Server.Kestrel.Core.Internal.Http.HttpProtocol.ProcessRequests[TContext](IHttpApplication`1 application)

2021-12-19T16:40:34.2361460-05:00	FAIL	[Microsoft.AspNetCore.SpaServices]	[0]	WARNING in /Users/marcmanuel/Projects/ui/sp/sp/ClientApp/src/main.ts depends on 'hammerjs'. CommonJS or AMD dependencies can cause optimization bailouts.
For more info see: https://angular.io/guide/build#configuring-commonjs-dependencies

